<?xml version="1.0" encoding="UTF-8"?>
<!-- Generated by org.testng.reporters.JUnitXMLReporter -->
<testsuite ignored="0" hostname="DESKTOP-86SV3LD" failures="0" tests="4" name="Test" time="249.692" errors="0" timestamp="2021-11-20T19:46:51 IST">
  <testcase classname="eazydiner.eazydiner.Takeaway" name="Take" time="106.547"/>
  <testcase classname="eazydiner.eazydiner.Help" name="testHelpTC" time="68.946"/>
  <testcase classname="eazydiner.eazydiner.LocationSearch" name="locatinSearch" time="42.039"/>
  <testcase classname="eazydiner.eazydiner.SearchRestaurant" name="RestaurantSearch" time="32.046"/>
</testsuite> <!-- Test -->
