<?xml version="1.0" encoding="UTF-8"?>
<testng-results ignored="0" total="4" passed="4" failed="0" skipped="0">
  <reporter-output>
  </reporter-output>
  <suite started-at="2021-11-20T19:42:40 IST" name="Suite" finished-at="2021-11-20T19:46:50 IST" duration-ms="249692">
    <groups>
    </groups>
    <test started-at="2021-11-20T19:42:40 IST" name="Test" finished-at="2021-11-20T19:46:50 IST" duration-ms="249692">
      <class name="eazydiner.eazydiner.Takeaway">
        <test-method signature="Take()[pri:0, instance:eazydiner.eazydiner.Takeaway@6a6afff2]" started-at="2021-11-20T19:42:41 IST" name="Take" finished-at="2021-11-20T19:44:27 IST" duration-ms="106547" status="PASS">
          <reporter-output>
          </reporter-output>
        </test-method> <!-- Take -->
      </class> <!-- eazydiner.eazydiner.Takeaway -->
      <class name="eazydiner.eazydiner.Help">
        <test-method signature="testHelpTC()[pri:0, instance:eazydiner.eazydiner.Help@1649b0e6]" started-at="2021-11-20T19:44:27 IST" name="testHelpTC" finished-at="2021-11-20T19:45:36 IST" duration-ms="68946" status="PASS">
          <reporter-output>
          </reporter-output>
        </test-method> <!-- testHelpTC -->
      </class> <!-- eazydiner.eazydiner.Help -->
      <class name="eazydiner.eazydiner.LocationSearch">
        <test-method signature="locatinSearch()[pri:0, instance:eazydiner.eazydiner.LocationSearch@865dd6]" started-at="2021-11-20T19:45:36 IST" name="locatinSearch" finished-at="2021-11-20T19:46:18 IST" duration-ms="42039" status="PASS">
          <reporter-output>
          </reporter-output>
        </test-method> <!-- locatinSearch -->
      </class> <!-- eazydiner.eazydiner.LocationSearch -->
      <class name="eazydiner.eazydiner.SearchRestaurant">
        <test-method signature="RestaurantSearch()[pri:0, instance:eazydiner.eazydiner.SearchRestaurant@4da4253]" started-at="2021-11-20T19:46:18 IST" name="RestaurantSearch" finished-at="2021-11-20T19:46:50 IST" duration-ms="32046" status="PASS">
          <reporter-output>
          </reporter-output>
        </test-method> <!-- RestaurantSearch -->
      </class> <!-- eazydiner.eazydiner.SearchRestaurant -->
    </test> <!-- Test -->
  </suite> <!-- Suite -->
</testng-results>
